<?xml version="1.0" encoding="UTF-8"?>
<!-- Generated by org.testng.reporters.JUnitReportReporter -->
<testsuite hostname="DESKTOP-JSOO272" failures="0" tests="1" name="com.selenium.demo.Shawpno" time="4.168" errors="0" timestamp="2021-02-20T17:02:33 BDT" skipped="0">
  <testcase classname="com.selenium.demo.Shawpno" name="addProduct" time="4.168"/>
  <system-out/>
</testsuite> <!-- com.selenium.demo.Shawpno -->
